# JRE version: Java(TM) SE Runtime Environment (8.0_112-b15) (build 1.8.0_112-b15)
# Java VM: Java HotSpot(TM) 64-Bit Server VM (25.112-b15 mixed mode windows-amd64 compressed oops)
Heap:
 PSYoungGen      total 242688K, used 188085K [0x00000000d5c00000, 0x00000000e7700000, 0x0000000100000000)
  eden space 228352K, 82% used [0x00000000d5c00000,0x00000000e13ad660,0x00000000e3b00000)
  from space 14336K, 0% used [0x00000000e5b00000,0x00000000e5b00000,0x00000000e6900000)
  to   space 11776K, 0% used [0x00000000e6b80000,0x00000000e6b80000,0x00000000e7700000)
 ParOldGen       total 84992K, used 22060K [0x0000000081400000, 0x0000000086700000, 0x00000000d5c00000)
  object space 84992K, 25% used [0x0000000081400000,0x000000008298b270,0x0000000086700000)
 Metaspace       used 44675K, capacity 45098K, committed 45440K, reserved 1089536K
  class space    used 5863K, capacity 5982K, committed 6016K, reserved 1048576K
GC Heap History (10 events):
Event: 1.844 GC heap before
{Heap before GC invocations=7 (full 0):
 PSYoungGen      total 144384K, used 17496K [0x00000000d5c00000, 0x00000000df500000, 0x0000000100000000)
  eden space 133120K, 7% used [0x00000000d5c00000,0x00000000d6604f08,0x00000000dde00000)
  from space 11264K, 64% used [0x00000000dea00000,0x00000000df1113a0,0x00000000df500000)
  to   space 11776K, 0% used [0x00000000dde00000,0x00000000dde00000,0x00000000de980000)
 ParOldGen       total 87552K, used 10864K [0x0000000081400000, 0x0000000086980000, 0x00000000d5c00000)
  object space 87552K, 12% used [0x0000000081400000,0x0000000081e9c368,0x0000000086980000)
 Metaspace       used 21029K, capacity 21256K, committed 21296K, reserved 1069056K
  class space    used 2584K, capacity 2677K, committed 2688K, reserved 1048576K
Event: 1.850 GC heap after
Heap after GC invocations=7 (full 0):
 PSYoungGen      total 144896K, used 3808K [0x00000000d5c00000, 0x00000000e7700000, 0x0000000100000000)
  eden space 133120K, 0% used [0x00000000d5c00000,0x00000000d5c00000,0x00000000dde00000)
  from space 11776K, 32% used [0x00000000dde00000,0x00000000de1b8220,0x00000000de980000)
  to   space 11776K, 0% used [0x00000000e6b80000,0x00000000e6b80000,0x00000000e7700000)
 ParOldGen       total 87552K, used 12923K [0x0000000081400000, 0x0000000086980000, 0x00000000d5c00000)
  object space 87552K, 14% used [0x0000000081400000,0x000000008209ef28,0x0000000086980000)
 Metaspace       used 21029K, capacity 21256K, committed 21296K, reserved 1069056K
  class space    used 2584K, capacity 2677K, committed 2688K, reserved 1048576K
}
Event: 1.850 GC heap before
{Heap before GC invocations=8 (full 1):
 PSYoungGen      total 144896K, used 3808K [0x00000000d5c00000, 0x00000000e7700000, 0x0000000100000000)
  eden space 133120K, 0% used [0x00000000d5c00000,0x00000000d5c00000,0x00000000dde00000)
  from space 11776K, 32% used [0x00000000dde00000,0x00000000de1b8220,0x00000000de980000)
  to   space 11776K, 0% used [0x00000000e6b80000,0x00000000e6b80000,0x00000000e7700000)
 ParOldGen       total 87552K, used 12923K [0x0000000081400000, 0x0000000086980000, 0x00000000d5c00000)
  object space 87552K, 14% used [0x0000000081400000,0x000000008209ef28,0x0000000086980000)
 Metaspace       used 21029K, capacity 21256K, committed 21296K, reserved 1069056K
  class space    used 2584K, capacity 2677K, committed 2688K, reserved 1048576K
Event: 1.887 GC heap after
Heap after GC invocations=8 (full 1):
 PSYoungGen      total 144896K, used 0K [0x00000000d5c00000, 0x00000000e7700000, 0x0000000100000000)
  eden space 133120K, 0% used [0x00000000d5c00000,0x00000000d5c00000,0x00000000dde00000)
  from space 11776K, 0% used [0x00000000dde00000,0x00000000dde00000,0x00000000de980000)
  to   space 11776K, 0% used [0x00000000e6b80000,0x00000000e6b80000,0x00000000e7700000)
 ParOldGen       total 53760K, used 6247K [0x0000000081400000, 0x0000000084880000, 0x00000000d5c00000)
  object space 53760K, 11% used [0x0000000081400000,0x0000000081a19dc8,0x0000000084880000)
 Metaspace       used 21029K, capacity 21256K, committed 21296K, reserved 1069056K
  class space    used 2584K, capacity 2677K, committed 2688K, reserved 1048576K
}
Event: 2.742 GC heap before
{Heap before GC invocations=9 (full 1):
 PSYoungGen      total 144896K, used 133120K [0x00000000d5c00000, 0x00000000e7700000, 0x0000000100000000)
  eden space 133120K, 100% used [0x00000000d5c00000,0x00000000dde00000,0x00000000dde00000)
  from space 11776K, 0% used [0x00000000dde00000,0x00000000dde00000,0x00000000de980000)
  to   space 11776K, 0% used [0x00000000e6b80000,0x00000000e6b80000,0x00000000e7700000)
 ParOldGen       total 53760K, used 6247K [0x0000000081400000, 0x0000000084880000, 0x00000000d5c00000)
  object space 53760K, 11% used [0x0000000081400000,0x0000000081a19dc8,0x0000000084880000)
 Metaspace       used 27938K, capacity 28358K, committed 28544K, reserved 1075200K
  class space    used 3505K, capacity 3621K, committed 3712K, reserved 1048576K
Event: 2.752 GC heap after
Heap after GC invocations=9 (full 1):
 PSYoungGen      total 240128K, used 11757K [0x00000000d5c00000, 0x00000000e7700000, 0x0000000100000000)
  eden space 228352K, 0% used [0x00000000d5c00000,0x00000000d5c00000,0x00000000e3b00000)
  from space 11776K, 99% used [0x00000000e6b80000,0x00000000e76fb4d0,0x00000000e7700000)
  to   space 14336K, 0% used [0x00000000e5b00000,0x00000000e5b00000,0x00000000e6900000)
 ParOldGen       total 53760K, used 7997K [0x0000000081400000, 0x0000000084880000, 0x00000000d5c00000)
  object space 53760K, 14% used [0x0000000081400000,0x0000000081bcf590,0x0000000084880000)
 Metaspace       used 27938K, capacity 28358K, committed 28544K, reserved 1075200K
  class space    used 3505K, capacity 3621K, committed 3712K, reserved 1048576K
}
Event: 3.534 GC heap before
{Heap before GC invocations=10 (full 1):
 PSYoungGen      total 240128K, used 133681K [0x00000000d5c00000, 0x00000000e7700000, 0x0000000100000000)
  eden space 228352K, 53% used [0x00000000d5c00000,0x00000000dd311178,0x00000000e3b00000)
  from space 11776K, 99% used [0x00000000e6b80000,0x00000000e76fb4d0,0x00000000e7700000)
  to   space 14336K, 0% used [0x00000000e5b00000,0x00000000e5b00000,0x00000000e6900000)
 ParOldGen       total 53760K, used 7997K [0x0000000081400000, 0x0000000084880000, 0x00000000d5c00000)
  object space 53760K, 14% used [0x0000000081400000,0x0000000081bcf590,0x0000000084880000)
 Metaspace       used 34974K, capacity 35338K, committed 35496K, reserved 1081344K
  class space    used 4483K, capacity 4594K, committed 4608K, reserved 1048576K
Event: 3.545 GC heap after
Heap after GC invocations=10 (full 1):
 PSYoungGen      total 242688K, used 14330K [0x00000000d5c00000, 0x00000000e7700000, 0x0000000100000000)
  eden space 228352K, 0% used [0x00000000d5c00000,0x00000000d5c00000,0x00000000e3b00000)
  from space 14336K, 99% used [0x00000000e5b00000,0x00000000e68fe960,0x00000000e6900000)
  to   space 11776K, 0% used [0x00000000e6b80000,0x00000000e6b80000,0x00000000e7700000)
 ParOldGen       total 53760K, used 10399K [0x0000000081400000, 0x0000000084880000, 0x00000000d5c00000)
  object space 53760K, 19% used [0x0000000081400000,0x0000000081e27e98,0x0000000084880000)
 Metaspace       used 34974K, capacity 35338K, committed 35496K, reserved 1081344K
  class space    used 4483K, capacity 4594K, committed 4608K, reserved 1048576K
}
Event: 3.545 GC heap before
{Heap before GC invocations=11 (full 2):
 PSYoungGen      total 242688K, used 14330K [0x00000000d5c00000, 0x00000000e7700000, 0x0000000100000000)
  eden space 228352K, 0% used [0x00000000d5c00000,0x00000000d5c00000,0x00000000e3b00000)
  from space 14336K, 99% used [0x00000000e5b00000,0x00000000e68fe960,0x00000000e6900000)
  to   space 11776K, 0% used [0x00000000e6b80000,0x00000000e6b80000,0x00000000e7700000)
 ParOldGen       total 53760K, used 10399K [0x0000000081400000, 0x0000000084880000, 0x00000000d5c00000)
  object space 53760K, 19% used [0x0000000081400000,0x0000000081e27e98,0x0000000084880000)
 Metaspace       used 34974K, capacity 35338K, committed 35496K, reserved 1081344K
  class space    used 4483K, capacity 4594K, committed 4608K, reserved 1048576K
Event: 3.597 GC heap after
Heap after GC invocations=11 (full 2):
 PSYoungGen      total 242688K, used 0K [0x00000000d5c00000, 0x00000000e7700000, 0x0000000100000000)
  eden space 228352K, 0% used [0x00000000d5c00000,0x00000000d5c00000,0x00000000e3b00000)
  from space 14336K, 0% used [0x00000000e5b00000,0x00000000e5b00000,0x00000000e6900000)
  to   space 11776K, 0% used [0x00000000e6b80000,0x00000000e6b80000,0x00000000e7700000)
 ParOldGen       total 84992K, used 22060K [0x0000000081400000, 0x0000000086700000, 0x00000000d5c00000)
  object space 84992K, 25% used [0x0000000081400000,0x000000008298b270,0x0000000086700000)
 Metaspace       used 34974K, capacity 35338K, committed 35496K, reserved 1081344K
  class space    used 4483K, capacity 4594K, committed 4608K, reserved 1048576K
}

