# JRE version: Java(TM) SE Runtime Environment (8.0_112-b15) (build 1.8.0_112-b15)
# Java VM: Java HotSpot(TM) 64-Bit Server VM (25.112-b15 mixed mode windows-amd64 compressed oops)
Heap:
 PSYoungGen      total 507904K, used 62675K [0x00000000d5c00000, 0x00000000fdd80000, 0x0000000100000000)
  eden space 506880K, 12% used [0x00000000d5c00000,0x00000000d9934d60,0x00000000f4b00000)
  from space 1024K, 0% used [0x00000000fdc80000,0x00000000fdc80000,0x00000000fdd80000)
  to   space 21504K, 0% used [0x00000000fb380000,0x00000000fb380000,0x00000000fc880000)
 ParOldGen       total 107008K, used 20188K [0x0000000081400000, 0x0000000087c80000, 0x00000000d5c00000)
  object space 107008K, 18% used [0x0000000081400000,0x00000000827b7040,0x0000000087c80000)
 Metaspace       used 49731K, capacity 50064K, committed 50944K, reserved 1093632K
  class space    used 6394K, capacity 6497K, committed 6656K, reserved 1048576K
GC Heap History (10 events):
Event: 117.840 GC heap before
{Heap before GC invocations=15 (full 3):
 PSYoungGen      total 428032K, used 955K [0x00000000d5c00000, 0x00000000f9800000, 0x0000000100000000)
  eden space 406528K, 0% used [0x00000000d5c00000,0x00000000d5c00000,0x00000000ee900000)
  from space 21504K, 4% used [0x00000000efe00000,0x00000000efeeee10,0x00000000f1300000)
  to   space 21504K, 0% used [0x00000000ee900000,0x00000000ee900000,0x00000000efe00000)
 ParOldGen       total 80896K, used 32378K [0x0000000081400000, 0x0000000086300000, 0x00000000d5c00000)
  object space 80896K, 40% used [0x0000000081400000,0x000000008339e818,0x0000000086300000)
 Metaspace       used 49309K, capacity 49744K, committed 50048K, reserved 1093632K
  class space    used 6337K, capacity 6463K, committed 6528K, reserved 1048576K
Event: 117.953 GC heap after
Heap after GC invocations=15 (full 3):
 PSYoungGen      total 428032K, used 0K [0x00000000d5c00000, 0x00000000f9800000, 0x0000000100000000)
  eden space 406528K, 0% used [0x00000000d5c00000,0x00000000d5c00000,0x00000000ee900000)
  from space 21504K, 0% used [0x00000000efe00000,0x00000000efe00000,0x00000000f1300000)
  to   space 21504K, 0% used [0x00000000ee900000,0x00000000ee900000,0x00000000efe00000)
 ParOldGen       total 90112K, used 25495K [0x0000000081400000, 0x0000000086c00000, 0x00000000d5c00000)
  object space 90112K, 28% used [0x0000000081400000,0x0000000082ce5f88,0x0000000086c00000)
 Metaspace       used 49309K, capacity 49744K, committed 50048K, reserved 1093632K
  class space    used 6337K, capacity 6463K, committed 6528K, reserved 1048576K
}
Event: 117.953 GC heap before
{Heap before GC invocations=16 (full 3):
 PSYoungGen      total 428032K, used 0K [0x00000000d5c00000, 0x00000000f9800000, 0x0000000100000000)
  eden space 406528K, 0% used [0x00000000d5c00000,0x00000000d5c00000,0x00000000ee900000)
  from space 21504K, 0% used [0x00000000efe00000,0x00000000efe00000,0x00000000f1300000)
  to   space 21504K, 0% used [0x00000000ee900000,0x00000000ee900000,0x00000000efe00000)
 ParOldGen       total 90112K, used 25495K [0x0000000081400000, 0x0000000086c00000, 0x00000000d5c00000)
  object space 90112K, 28% used [0x0000000081400000,0x0000000082ce5f88,0x0000000086c00000)
 Metaspace       used 49309K, capacity 49744K, committed 50048K, reserved 1093632K
  class space    used 6337K, capacity 6463K, committed 6528K, reserved 1048576K
Event: 117.954 GC heap after
Heap after GC invocations=16 (full 3):
 PSYoungGen      total 428032K, used 0K [0x00000000d5c00000, 0x00000000ff180000, 0x0000000100000000)
  eden space 406528K, 0% used [0x00000000d5c00000,0x00000000d5c00000,0x00000000ee900000)
  from space 21504K, 0% used [0x00000000ee900000,0x00000000ee900000,0x00000000efe00000)
  to   space 21504K, 0% used [0x00000000fdc80000,0x00000000fdc80000,0x00000000ff180000)
 ParOldGen       total 90112K, used 25495K [0x0000000081400000, 0x0000000086c00000, 0x00000000d5c00000)
  object space 90112K, 28% used [0x0000000081400000,0x0000000082ce5f88,0x0000000086c00000)
 Metaspace       used 49309K, capacity 49744K, committed 50048K, reserved 1093632K
  class space    used 6337K, capacity 6463K, committed 6528K, reserved 1048576K
}
Event: 117.954 GC heap before
{Heap before GC invocations=17 (full 4):
 PSYoungGen      total 428032K, used 0K [0x00000000d5c00000, 0x00000000ff180000, 0x0000000100000000)
  eden space 406528K, 0% used [0x00000000d5c00000,0x00000000d5c00000,0x00000000ee900000)
  from space 21504K, 0% used [0x00000000ee900000,0x00000000ee900000,0x00000000efe00000)
  to   space 21504K, 0% used [0x00000000fdc80000,0x00000000fdc80000,0x00000000ff180000)
 ParOldGen       total 90112K, used 25495K [0x0000000081400000, 0x0000000086c00000, 0x00000000d5c00000)
  object space 90112K, 28% used [0x0000000081400000,0x0000000082ce5f88,0x0000000086c00000)
 Metaspace       used 49309K, capacity 49744K, committed 50048K, reserved 1093632K
  class space    used 6337K, capacity 6463K, committed 6528K, reserved 1048576K
Event: 118.059 GC heap after
Heap after GC invocations=17 (full 4):
 PSYoungGen      total 428032K, used 0K [0x00000000d5c00000, 0x00000000ff180000, 0x0000000100000000)
  eden space 406528K, 0% used [0x00000000d5c00000,0x00000000d5c00000,0x00000000ee900000)
  from space 21504K, 0% used [0x00000000ee900000,0x00000000ee900000,0x00000000efe00000)
  to   space 21504K, 0% used [0x00000000fdc80000,0x00000000fdc80000,0x00000000ff180000)
 ParOldGen       total 107008K, used 22240K [0x0000000081400000, 0x0000000087c80000, 0x00000000d5c00000)
  object space 107008K, 20% used [0x0000000081400000,0x00000000829b83e0,0x0000000087c80000)
 Metaspace       used 49171K, capacity 49524K, committed 50048K, reserved 1093632K
  class space    used 6314K, capacity 6421K, committed 6528K, reserved 1048576K
}
Event: 1223.887 GC heap before
{Heap before GC invocations=18 (full 4):
 PSYoungGen      total 428032K, used 101897K [0x00000000d5c00000, 0x00000000ff180000, 0x0000000100000000)
  eden space 406528K, 25% used [0x00000000d5c00000,0x00000000dbf82688,0x00000000ee900000)
  from space 21504K, 0% used [0x00000000ee900000,0x00000000ee900000,0x00000000efe00000)
  to   space 21504K, 0% used [0x00000000fdc80000,0x00000000fdc80000,0x00000000ff180000)
 ParOldGen       total 107008K, used 22240K [0x0000000081400000, 0x0000000087c80000, 0x00000000d5c00000)
  object space 107008K, 20% used [0x0000000081400000,0x00000000829b83e0,0x0000000087c80000)
 Metaspace       used 49794K, capacity 50138K, committed 50688K, reserved 1093632K
  class space    used 6406K, capacity 6519K, committed 6656K, reserved 1048576K
Event: 1223.911 GC heap after
Heap after GC invocations=18 (full 4):
 PSYoungGen      total 507904K, used 937K [0x00000000d5c00000, 0x00000000fdd80000, 0x0000000100000000)
  eden space 506880K, 0% used [0x00000000d5c00000,0x00000000d5c00000,0x00000000f4b00000)
  from space 1024K, 91% used [0x00000000fdc80000,0x00000000fdd6a6a0,0x00000000fdd80000)
  to   space 21504K, 0% used [0x00000000fb380000,0x00000000fb380000,0x00000000fc880000)
 ParOldGen       total 107008K, used 22248K [0x0000000081400000, 0x0000000087c80000, 0x00000000d5c00000)
  object space 107008K, 20% used [0x0000000081400000,0x00000000829ba3e0,0x0000000087c80000)
 Metaspace       used 49794K, capacity 50138K, committed 50688K, reserved 1093632K
  class space    used 6406K, capacity 6519K, committed 6656K, reserved 1048576K
}
Event: 1223.911 GC heap before
{Heap before GC invocations=19 (full 5):
 PSYoungGen      total 507904K, used 937K [0x00000000d5c00000, 0x00000000fdd80000, 0x0000000100000000)
  eden space 506880K, 0% used [0x00000000d5c00000,0x00000000d5c00000,0x00000000f4b00000)
  from space 1024K, 91% used [0x00000000fdc80000,0x00000000fdd6a6a0,0x00000000fdd80000)
  to   space 21504K, 0% used [0x00000000fb380000,0x00000000fb380000,0x00000000fc880000)
 ParOldGen       total 107008K, used 22248K [0x0000000081400000, 0x0000000087c80000, 0x00000000d5c00000)
  object space 107008K, 20% used [0x0000000081400000,0x00000000829ba3e0,0x0000000087c80000)
 Metaspace       used 49794K, capacity 50138K, committed 50688K, reserved 1093632K
  class space    used 6406K, capacity 6519K, committed 6656K, reserved 1048576K
Event: 1224.127 GC heap after
Heap after GC invocations=19 (full 5):
 PSYoungGen      total 507904K, used 0K [0x00000000d5c00000, 0x00000000fdd80000, 0x0000000100000000)
  eden space 506880K, 0% used [0x00000000d5c00000,0x00000000d5c00000,0x00000000f4b00000)
  from space 1024K, 0% used [0x00000000fdc80000,0x00000000fdc80000,0x00000000fdd80000)
  to   space 21504K, 0% used [0x00000000fb380000,0x00000000fb380000,0x00000000fc880000)
 ParOldGen       total 107008K, used 20188K [0x0000000081400000, 0x0000000087c80000, 0x00000000d5c00000)
  object space 107008K, 18% used [0x0000000081400000,0x00000000827b7040,0x0000000087c80000)
 Metaspace       used 49695K, capacity 49988K, committed 50688K, reserved 1093632K
  class space    used 6392K, capacity 6494K, committed 6656K, reserved 1048576K
}

